<?xml version="1.0" encoding="UTF-8"?>
<!-- Generated by org.testng.reporters.JUnitReportReporter -->
<testsuite hostname="DESKTOP-UU5QV0O" name="com.rightcomply.pages.ContractorCountTest" tests="2" failures="0" timestamp="21 Oct 2017 23:54:19 GMT" time="50.943" errors="0">
  <testcase name="getEmpCount" time="5.033" classname="com.rightcomply.pages.ContractorCountTest"/>
  <testcase name="getContractorCount" time="45.910" classname="com.rightcomply.pages.ContractorCountTest"/>
</testsuite> <!-- com.rightcomply.pages.ContractorCountTest -->
