<?xml version="1.0" encoding="UTF-8"?>
<!-- Generated by org.testng.reporters.JUnitReportReporter -->
<testsuite hostname="DESKTOP-UU5QV0O" name="com.rightcomply.pages.VendorContractorTest" tests="9" failures="0" timestamp="10 Oct 2017 18:59:05 GMT" time="197.447" errors="0">
  <testcase name="validateFilter" time="1.553" classname="com.rightcomply.pages.VendorContractorTest"/>
  <testcase name="validateBystatus" time="6.170" classname="com.rightcomply.pages.VendorContractorTest"/>
  <testcase name="verifySearch" time="30.203" classname="com.rightcomply.pages.VendorContractorTest"/>
  <testcase name="verifydirE" time="36.533" classname="com.rightcomply.pages.VendorContractorTest"/>
  <testcase name="verifydirA" time="36.863" classname="com.rightcomply.pages.VendorContractorTest"/>
  <testcase name="verifydirS" time="36.587" classname="com.rightcomply.pages.VendorContractorTest"/>
  <testcase name="verifydirAll" time="6.338" classname="com.rightcomply.pages.VendorContractorTest"/>
  <testcase name="verifyInvalidSearch" time="30.217" classname="com.rightcomply.pages.VendorContractorTest"/>
  <testcase name="verifyPagination" time="12.983" classname="com.rightcomply.pages.VendorContractorTest"/>
</testsuite> <!-- com.rightcomply.pages.VendorContractorTest -->
