<?xml version="1.0" encoding="UTF-8"?>
<!-- Generated by org.testng.reporters.JUnitReportReporter -->
<testsuite hostname="DESKTOP-UU5QV0O" name="com.rightcomply.pages.AddMultipleEmpTest" tests="1" failures="0" timestamp="16 Jan 2018 20:45:08 GMT" time="39.926" errors="0">
  <testcase name="testH1Existing" time="39.926" classname="com.rightcomply.pages.AddMultipleEmpTest"/>
</testsuite> <!-- com.rightcomply.pages.AddMultipleEmpTest -->
