<?xml version="1.0" encoding="UTF-8"?>
<!-- Generated by org.testng.reporters.JUnitReportReporter -->
<testsuite hostname="DESKTOP-UU5QV0O" name="com.rightcomply.pages.ClientPosthiringTest" tests="10" failures="0" timestamp="25 Oct 2017 02:17:31 GMT" time="111.638" errors="0">
  <testcase name="validateclientflow" time="2.635" classname="com.rightcomply.pages.ClientPosthiringTest"/>
  <testcase name="validateusericon" time="5.567" classname="com.rightcomply.pages.ClientPosthiringTest"/>
  <testcase name="invalidSearch" time="32.957" classname="com.rightcomply.pages.ClientPosthiringTest"/>
  <testcase name="validatecontractflow" time="2.670" classname="com.rightcomply.pages.ClientPosthiringTest"/>
  <testcase name="validatenotification" time="0.409" classname="com.rightcomply.pages.ClientPosthiringTest"/>
  <testcase name="validatesearch" time="32.893" classname="com.rightcomply.pages.ClientPosthiringTest"/>
  <testcase name="validatetaskflow" time="2.651" classname="com.rightcomply.pages.ClientPosthiringTest"/>
  <testcase name="verifydashboard" time="3.461" classname="com.rightcomply.pages.ClientPosthiringTest"/>
  <testcase name="validateemployeesflow" time="7.585" classname="com.rightcomply.pages.ClientPosthiringTest"/>
  <testcase name="verifyshowentry" time="20.810" classname="com.rightcomply.pages.ClientPosthiringTest"/>
</testsuite> <!-- com.rightcomply.pages.ClientPosthiringTest -->
