<?xml version="1.0" encoding="UTF-8"?>
<!-- Generated by org.testng.reporters.JUnitReportReporter -->
<testsuite hostname="DESKTOP-UU5QV0O" name="com.rightcomply.pages.ClientInviteTest" tests="2" failures="0" timestamp="24 Oct 2017 22:52:04 GMT" time="28.466" errors="0">
  <testcase name="ClientInviteValidation" time="15.890" classname="com.rightcomply.pages.ClientInviteTest"/>
  <testcase name="ClientInviteValidation" time="12.576" classname="com.rightcomply.pages.ClientInviteTest"/>
</testsuite> <!-- com.rightcomply.pages.ClientInviteTest -->
