<?xml version="1.0" encoding="UTF-8"?>
<!-- Generated by org.testng.reporters.JUnitReportReporter -->
<testsuite hostname="DESKTOP-UU5QV0O" name="com.rightcomply.pages.ClientVendordashTest" tests="9" failures="0" timestamp="26 Oct 2017 17:11:45 GMT" time="192.933" errors="0">
  <testcase name="verifydirF" time="32.465" classname="com.rightcomply.pages.ClientVendordashTest"/>
  <testcase name="verifydirAll" time="7.559" classname="com.rightcomply.pages.ClientVendordashTest"/>
  <testcase name="verifyclientui" time="5.461" classname="com.rightcomply.pages.ClientVendordashTest"/>
  <testcase name="verifybystatus" time="0.584" classname="com.rightcomply.pages.ClientVendordashTest"/>
  <testcase name="verifysearch" time="32.517" classname="com.rightcomply.pages.ClientVendordashTest"/>
  <testcase name="verifydirM" time="32.565" classname="com.rightcomply.pages.ClientVendordashTest"/>
  <testcase name="verifyshowentry" time="16.600" classname="com.rightcomply.pages.ClientVendordashTest"/>
  <testcase name="verifydirY" time="32.460" classname="com.rightcomply.pages.ClientVendordashTest"/>
  <testcase name="verifydirA" time="32.722" classname="com.rightcomply.pages.ClientVendordashTest"/>
</testsuite> <!-- com.rightcomply.pages.ClientVendordashTest -->
