<?xml version="1.0" encoding="UTF-8"?>
<!-- Generated by org.testng.reporters.JUnitReportReporter -->
<testsuite hostname="DESKTOP-UU5QV0O" name="com.rightcomply.pages.CompareTaskinSatus" tests="1" failures="0" timestamp="13 Oct 2017 19:04:56 GMT" time="31.138" errors="0">
  <testcase name="validateEdittask" time="31.138" classname="com.rightcomply.pages.CompareTaskinSatus"/>
</testsuite> <!-- com.rightcomply.pages.CompareTaskinSatus -->
