<?xml version="1.0" encoding="UTF-8"?>
<!-- Generated by org.testng.reporters.JUnitReportReporter -->
<testsuite hostname="DESKTOP-UU5QV0O" name="com.rightcomply.pages.mpProfileTest" tests="1" failures="0" timestamp="28 Sep 2017 17:08:29 GMT" time="0.226" errors="0">
  <testcase name="editProfile" time="0.226" classname="com.rightcomply.pages.mpProfileTest"/>
</testsuite> <!-- com.rightcomply.pages.mpProfileTest -->
