<?xml version="1.0" encoding="UTF-8"?>
<!-- Generated by org.testng.reporters.JUnitReportReporter -->
<testsuite hostname="DESKTOP-UU5QV0O" name="com.rightcomply.pages.LoginasVendor" tests="3" failures="0" timestamp="9 Oct 2017 16:47:33 GMT" time="10.483" errors="0">
  <testcase name="verifyUIComponents" time="0.044" classname="com.rightcomply.pages.LoginasVendor"/>
  <testcase name="preHiringTest" time="9.129" classname="com.rightcomply.pages.LoginasVendor"/>
  <testcase name="postHiringTest" time="1.310" classname="com.rightcomply.pages.LoginasVendor"/>
</testsuite> <!-- com.rightcomply.pages.LoginasVendor -->
