<?xml version="1.0" encoding="UTF-8"?>
<!-- Generated by org.testng.reporters.JUnitReportReporter -->
<testsuite hostname="DESKTOP-UU5QV0O" name="com.rightcomply.pages.AssignWorkforceTest" tests="2" failures="0" timestamp="24 Oct 2017 00:29:21 GMT" time="302.606" errors="0">
  <testcase name="assignContractor" time="140.346" classname="com.rightcomply.pages.AssignWorkforceTest"/>
  <testcase name="validateAssignclient" time="162.260" classname="com.rightcomply.pages.AssignWorkforceTest"/>
</testsuite> <!-- com.rightcomply.pages.AssignWorkforceTest -->
