<?xml version="1.0" encoding="UTF-8"?>
<!-- Generated by org.testng.reporters.JUnitReportReporter -->
<testsuite hostname="DESKTOP-UU5QV0O" name="com.rightcomply.pages.RemoveWorkForceTest" tests="1" failures="0" timestamp="20 Oct 2017 19:35:37 GMT" time="231.334" errors="0">
  <testcase name="validateAssignContractor" time="231.334" classname="com.rightcomply.pages.RemoveWorkForceTest"/>
</testsuite> <!-- com.rightcomply.pages.RemoveWorkForceTest -->
