<?xml version="1.0" encoding="UTF-8"?>
<!-- Generated by org.testng.reporters.JUnitReportReporter -->
<testsuite hostname="DESKTOP-UU5QV0O" name="com.rightcomply.pages.MyProfileTest" tests="1" failures="0" timestamp="28 Sep 2017 20:03:24 GMT" time="77.595" errors="0">
  <testcase name="editProfile" time="77.595" classname="com.rightcomply.pages.MyProfileTest"/>
</testsuite> <!-- com.rightcomply.pages.MyProfileTest -->
