<?xml version="1.0" encoding="UTF-8"?>
<!-- Generated by org.testng.reporters.JUnitReportReporter -->
<testsuite hostname="DESKTOP-UU5QV0O" name="com.rightcomply.pages.ValidateCountWorkforce" tests="1" failures="0" timestamp="17 Jan 2018 19:08:53 GMT" time="19.013" errors="0">
  <testcase name="testCount" time="19.013" classname="com.rightcomply.pages.ValidateCountWorkforce"/>
</testsuite> <!-- com.rightcomply.pages.ValidateCountWorkforce -->
