<?xml version="1.0" encoding="UTF-8"?>
<!-- Generated by org.testng.reporters.JUnitReportReporter -->
<testsuite hostname="DESKTOP-UU5QV0O" name="com.rightcomply.pages.VendorClientTest" tests="11" failures="0" timestamp="9 Oct 2017 17:40:16 GMT" time="241.172" errors="0">
  <testcase name="verifybystatus" time="0.548" classname="com.rightcomply.pages.VendorClientTest"/>
  <testcase name="verifydirAll" time="6.370" classname="com.rightcomply.pages.VendorClientTest"/>
  <testcase name="verifydirF" time="30.841" classname="com.rightcomply.pages.VendorClientTest"/>
  <testcase name="validatesorting" time="60.585" classname="com.rightcomply.pages.VendorClientTest"/>
  <testcase name="verifycreateclient" time="1.271" classname="com.rightcomply.pages.VendorClientTest"/>
  <testcase name="verifydirA" time="30.884" classname="com.rightcomply.pages.VendorClientTest"/>
  <testcase name="verifydirM" time="30.753" classname="com.rightcomply.pages.VendorClientTest"/>
  <testcase name="verifydirY" time="30.839" classname="com.rightcomply.pages.VendorClientTest"/>
  <testcase name="verifyshowentry" time="15.563" classname="com.rightcomply.pages.VendorClientTest"/>
  <testcase name="verifyclientui" time="2.584" classname="com.rightcomply.pages.VendorClientTest"/>
  <testcase name="verifysearch" time="30.934" classname="com.rightcomply.pages.VendorClientTest"/>
</testsuite> <!-- com.rightcomply.pages.VendorClientTest -->
