<?xml version="1.0" encoding="UTF-8"?>
<!-- Generated by org.testng.reporters.JUnitReportReporter -->
<testsuite hostname="DESKTOP-UU5QV0O" name="com.rightcomply.pages.UpdateDocumentsTest" tests="2" failures="0" timestamp="11 Jan 2018 23:55:59 GMT" time="21.864" errors="0">
  <testcase name="testVerifyUpdatedDocuments" time="0.002" classname="com.rightcomply.pages.UpdateDocumentsTest"/>
  <testcase name="testH1Existing" time="21.862" classname="com.rightcomply.pages.UpdateDocumentsTest"/>
</testsuite> <!-- com.rightcomply.pages.UpdateDocumentsTest -->
