<?xml version="1.0" encoding="UTF-8"?>
<!-- Generated by org.testng.reporters.JUnitReportReporter -->
<testsuite hostname="DESKTOP-UU5QV0O" name="com.rightcomply.pages.SortingTest" tests="1" failures="0" timestamp="18 Oct 2017 06:52:25 GMT" time="61.300" errors="0">
  <testcase name="validateSortbyStartdate" time="61.300" classname="com.rightcomply.pages.SortingTest"/>
</testsuite> <!-- com.rightcomply.pages.SortingTest -->
