<?xml version="1.0" encoding="UTF-8"?>
<!-- Generated by org.testng.reporters.JUnitReportReporter -->
<testsuite hostname="DESKTOP-UU5QV0O" name="com.rightcomply.pages.EditClientTest" tests="3" failures="0" timestamp="9 Oct 2017 18:11:51 GMT" time="43.073" errors="0">
  <testcase name="viewdocument" time="21.381" classname="com.rightcomply.pages.EditClientTest"/>
  <testcase name="Savechanges" time="5.014" classname="com.rightcomply.pages.EditClientTest"/>
  <testcase name="editClientFname" time="16.678" classname="com.rightcomply.pages.EditClientTest"/>
</testsuite> <!-- com.rightcomply.pages.EditClientTest -->
