<?xml version="1.0" encoding="UTF-8"?>
<!-- Generated by org.testng.reporters.JUnitReportReporter -->
<testsuite hostname="DESKTOP-UU5QV0O" name="com.rightcomply.pages.EditContractorTest" tests="2" failures="0" timestamp="10 Oct 2017 19:21:45 GMT" time="64.044" errors="0">
  <testcase name="validateUi" time="64.040" classname="com.rightcomply.pages.EditContractorTest"/>
  <testcase name="uploadImage" time="0.004" classname="com.rightcomply.pages.EditContractorTest"/>
</testsuite> <!-- com.rightcomply.pages.EditContractorTest -->
