<?xml version="1.0" encoding="UTF-8"?>
<!-- Generated by org.testng.reporters.JUnitReportReporter -->
<testsuite hostname="DESKTOP-UU5QV0O" name="com.rightcomply.pages.LoginToRightcomply" tests="2" failures="0" timestamp="12 Jan 2018 19:55:56 GMT" time="0.421" errors="0">
  <testcase name="testH1Existing" time="0.070" classname="com.rightcomply.pages.LoginToRightcomply"/>
  <testcase name="testSignInOption" time="0.351" classname="com.rightcomply.pages.LoginToRightcomply"/>
</testsuite> <!-- com.rightcomply.pages.LoginToRightcomply -->
