<?xml version="1.0" encoding="UTF-8"?>
<!-- Generated by org.testng.reporters.JUnitReportReporter -->
<testsuite hostname="DESKTOP-UU5QV0O" name="com.rightcomply.pages.WarningCompareByStatus" tests="3" failures="0" timestamp="24 Oct 2017 17:10:36 GMT" time="45.690" errors="0">
  <testcase name="GetExpiringrecords" time="16.718" classname="com.rightcomply.pages.WarningCompareByStatus"/>
  <testcase name="compareBystatus" time="28.971" classname="com.rightcomply.pages.WarningCompareByStatus"/>
  <testcase name="compare" time="0.001" classname="com.rightcomply.pages.WarningCompareByStatus"/>
</testsuite> <!-- com.rightcomply.pages.WarningCompareByStatus -->
