<?xml version="1.0" encoding="UTF-8"?>
<!-- Generated by org.testng.reporters.JUnitReportReporter -->
<testsuite hostname="DESKTOP-UU5QV0O" name="com.rightcomply.pages.LoginToRightcomply" tests="2" failures="0" timestamp="18 Dec 2017 20:51:24 GMT" time="0.474" errors="0">
  <testcase name="testH1Existing" time="0.178" classname="com.rightcomply.pages.LoginToRightcomply"/>
  <testcase name="testSignInOption" time="0.296" classname="com.rightcomply.pages.LoginToRightcomply"/>
</testsuite> <!-- com.rightcomply.pages.LoginToRightcomply -->
