<?xml version="1.0" encoding="UTF-8"?>
<!-- Generated by org.testng.reporters.JUnitReportReporter -->
<testsuite hostname="DESKTOP-UU5QV0O" name="com.rightcomply.pages.SignupPageTest" tests="5" failures="0" timestamp="16 Jan 2018 17:50:33 GMT" time="32.059" errors="0">
  <testcase name="testUI" time="5.566" classname="com.rightcomply.pages.SignupPageTest"/>
  <testcase name="emailValidation" time="2.403" classname="com.rightcomply.pages.SignupPageTest"/>
  <testcase name="testSignupfunctionality" time="9.961" classname="com.rightcomply.pages.SignupPageTest"/>
  <testcase name="testCheckInlineErrors" time="7.530" classname="com.rightcomply.pages.SignupPageTest"/>
  <testcase name="comparePassword" time="6.599" classname="com.rightcomply.pages.SignupPageTest"/>
</testsuite> <!-- com.rightcomply.pages.SignupPageTest -->
