<?xml version="1.0" encoding="UTF-8"?>
<!-- Generated by org.testng.reporters.JUnitReportReporter -->
<testsuite hostname="DESKTOP-UU5QV0O" name="com.rightcomply.pages.VendorPostDashboardTest" tests="8" failures="0" timestamp="16 Jan 2018 23:28:38 GMT" time="30.140" errors="0">
  <testcase name="validateCompliance" time="4.906" classname="com.rightcomply.pages.VendorPostDashboardTest"/>
  <testcase name="validateAll" time="5.229" classname="com.rightcomply.pages.VendorPostDashboardTest"/>
  <testcase name="validateemployeesflow" time="0.055" classname="com.rightcomply.pages.VendorPostDashboardTest"/>
  <testcase name="validateclientflow" time="0.006" classname="com.rightcomply.pages.VendorPostDashboardTest"/>
  <testcase name="validateNoncompliance" time="7.240" classname="com.rightcomply.pages.VendorPostDashboardTest"/>
  <testcase name="validatecontractflow" time="0.211" classname="com.rightcomply.pages.VendorPostDashboardTest"/>
  <testcase name="verifydashboard" time="7.582" classname="com.rightcomply.pages.VendorPostDashboardTest"/>
  <testcase name="validateRecentlyadded" time="4.911" classname="com.rightcomply.pages.VendorPostDashboardTest"/>
</testsuite> <!-- com.rightcomply.pages.VendorPostDashboardTest -->
