<?xml version="1.0" encoding="UTF-8"?>
<!-- Generated by org.testng.reporters.JUnitReportReporter -->
<testsuite hostname="DESKTOP-UU5QV0O" name="com.rightcomply.pages.VerifydateWarningMsg" tests="2" failures="0" timestamp="24 Oct 2017 17:58:43 GMT" time="29.966" errors="0">
  <testcase name="GetExpiringrecords" time="29.902" classname="com.rightcomply.pages.VerifydateWarningMsg"/>
  <testcase name="differenceBetweendates" time="0.064" classname="com.rightcomply.pages.VerifydateWarningMsg"/>
</testsuite> <!-- com.rightcomply.pages.VerifydateWarningMsg -->
