<?xml version="1.0" encoding="UTF-8"?>
<!-- Generated by org.testng.reporters.JUnitReportReporter -->
<testsuite hostname="DESKTOP-UU5QV0O" name="com.rightcomply.pages.notificationTask" tests="2" failures="0" timestamp="24 Oct 2017 22:36:32 GMT" time="17.931" errors="0">
  <testcase name="ValidateTask" time="12.646" classname="com.rightcomply.pages.notificationTask"/>
  <testcase name="validaatetaskLink" time="5.285" classname="com.rightcomply.pages.notificationTask"/>
</testsuite> <!-- com.rightcomply.pages.notificationTask -->
