<?xml version="1.0" encoding="UTF-8"?>
<!-- Generated by org.testng.reporters.JUnitReportReporter -->
<testsuite hostname="DESKTOP-UU5QV0O" name="com.rightcomply.pages.ValidateForgotpassword" tests="1" failures="0" timestamp="23 Dec 2017 17:06:17 GMT" time="8.549" errors="0">
  <testcase name="forgotpass" time="8.549" classname="com.rightcomply.pages.ValidateForgotpassword"/>
</testsuite> <!-- com.rightcomply.pages.ValidateForgotpassword -->
