<?xml version="1.0" encoding="UTF-8"?>
<!-- Generated by org.testng.reporters.JUnitReportReporter -->
<testsuite hostname="DESKTOP-UU5QV0O" name="com.rightcomply.pages.notificationWarning" tests="2" failures="0" timestamp="24 Oct 2017 20:59:14 GMT" time="21.750" errors="0">
  <testcase name="validaatetaskLink" time="5.245" classname="com.rightcomply.pages.notificationWarning"/>
  <testcase name="ValidateTask" time="16.505" classname="com.rightcomply.pages.notificationWarning"/>
</testsuite> <!-- com.rightcomply.pages.notificationWarning -->
