<?xml version="1.0" encoding="UTF-8"?>
<!-- Generated by org.testng.reporters.JUnitReportReporter -->
<testsuite hostname="DESKTOP-UU5QV0O" name="com.rightcomply.pages.ClientContractorTest" tests="9" failures="0" timestamp="26 Oct 2017 20:11:00 GMT" time="217.075" errors="0">
  <testcase name="verifyInvalidSearch" time="30.374" classname="com.rightcomply.pages.ClientContractorTest"/>
  <testcase name="validateBystatus" time="10.716" classname="com.rightcomply.pages.ClientContractorTest"/>
  <testcase name="validateFilter" time="6.969" classname="com.rightcomply.pages.ClientContractorTest"/>
  <testcase name="verifydirA" time="38.170" classname="com.rightcomply.pages.ClientContractorTest"/>
  <testcase name="verifydirAll" time="7.783" classname="com.rightcomply.pages.ClientContractorTest"/>
  <testcase name="verifydirS" time="38.284" classname="com.rightcomply.pages.ClientContractorTest"/>
  <testcase name="verifySearch" time="30.504" classname="com.rightcomply.pages.ClientContractorTest"/>
  <testcase name="verifyPagination" time="16.322" classname="com.rightcomply.pages.ClientContractorTest"/>
  <testcase name="verifydirE" time="37.953" classname="com.rightcomply.pages.ClientContractorTest"/>
</testsuite> <!-- com.rightcomply.pages.ClientContractorTest -->
