<?xml version="1.0" encoding="UTF-8"?>
<!-- Generated by org.testng.reporters.JUnitReportReporter -->
<testsuite hostname="DESKTOP-UU5QV0O" name="com.rightcomply.pages.EmployeeCountTest" tests="2" failures="0" timestamp="21 Oct 2017 04:57:30 GMT" time="55.075" errors="0">
  <testcase name="compareEmployee" time="52.039" classname="com.rightcomply.pages.EmployeeCountTest"/>
  <testcase name="getEmpCount" time="3.036" classname="com.rightcomply.pages.EmployeeCountTest"/>
</testsuite> <!-- com.rightcomply.pages.EmployeeCountTest -->
