<?xml version="1.0" encoding="UTF-8"?>
<!-- Generated by org.testng.reporters.JUnitReportReporter -->
<testsuite hostname="DESKTOP-UU5QV0O" name="com.rightcomply.pages.VendorEmpTest" tests="11" failures="0" timestamp="9 Oct 2017 18:56:37 GMT" time="245.028" errors="0">
  <testcase name="verifydirA" time="36.428" classname="com.rightcomply.pages.VendorEmpTest"/>
  <testcase name="validateBystatus" time="6.578" classname="com.rightcomply.pages.VendorEmpTest"/>
  <testcase name="verifydirK" time="36.623" classname="com.rightcomply.pages.VendorEmpTest"/>
  <testcase name="showcreateemp" time="7.077" classname="com.rightcomply.pages.VendorEmpTest"/>
  <testcase name="verifyPagination" time="12.877" classname="com.rightcomply.pages.VendorEmpTest"/>
  <testcase name="verifySearch" time="30.149" classname="com.rightcomply.pages.VendorEmpTest"/>
  <testcase name="verifyInvalidSearch" time="30.185" classname="com.rightcomply.pages.VendorEmpTest"/>
  <testcase name="verifydirM" time="36.546" classname="com.rightcomply.pages.VendorEmpTest"/>
  <testcase name="verifydirE" time="36.473" classname="com.rightcomply.pages.VendorEmpTest"/>
  <testcase name="validateFilter" time="5.679" classname="com.rightcomply.pages.VendorEmpTest"/>
  <testcase name="verifydirAll" time="6.413" classname="com.rightcomply.pages.VendorEmpTest"/>
</testsuite> <!-- com.rightcomply.pages.VendorEmpTest -->
