<?xml version="1.0" encoding="UTF-8"?>
<!-- Generated by org.testng.reporters.JUnitReportReporter -->
<testsuite hostname="DESKTOP-UU5QV0O" name="com.rightcomply.pages.VerifydateExpiringdateTest" tests="2" failures="0" timestamp="2 Nov 2017 01:17:56 GMT" time="35.438" errors="0">
  <testcase name="GetExpiringrecords" time="35.376" classname="com.rightcomply.pages.VerifydateExpiringdateTest"/>
  <testcase name="differenceBetweendates" time="0.062" classname="com.rightcomply.pages.VerifydateExpiringdateTest"/>
</testsuite> <!-- com.rightcomply.pages.VerifydateExpiringdateTest -->
