<?xml version="1.0" encoding="UTF-8"?>
<!-- Generated by org.testng.reporters.JUnitReportReporter -->
<testsuite hostname="DESKTOP-UU5QV0O" name="com.rightcomply.pages.SignupPageTest" tests="5" failures="0" timestamp="3 Jan 2018 23:04:21 GMT" time="32.029" errors="0">
  <testcase name="testUI" time="5.376" classname="com.rightcomply.pages.SignupPageTest"/>
  <testcase name="testValidateErrors" time="2.921" classname="com.rightcomply.pages.SignupPageTest"/>
  <testcase name="testSignupfunctionality" time="9.801" classname="com.rightcomply.pages.SignupPageTest"/>
  <testcase name="testCheckInlineErrors" time="7.343" classname="com.rightcomply.pages.SignupPageTest"/>
  <testcase name="comparePassword" time="6.588" classname="com.rightcomply.pages.SignupPageTest"/>
</testsuite> <!-- com.rightcomply.pages.SignupPageTest -->
