<?xml version="1.0" encoding="UTF-8"?>
<!-- Generated by org.testng.reporters.JUnitReportReporter -->
<testsuite hostname="DESKTOP-UU5QV0O" name="com.rightcomply.pages.ClientinviteListTest" tests="3" failures="0" timestamp="24 Oct 2017 22:40:54 GMT" time="63.977" errors="0">
  <testcase name="validateInviteList" time="2.854" classname="com.rightcomply.pages.ClientinviteListTest"/>
  <testcase name="validatePagination" time="18.203" classname="com.rightcomply.pages.ClientinviteListTest"/>
  <testcase name="validateSearch" time="42.920" classname="com.rightcomply.pages.ClientinviteListTest"/>
</testsuite> <!-- com.rightcomply.pages.ClientinviteListTest -->
