<?xml version="1.0" encoding="UTF-8"?>
<!-- Generated by org.testng.reporters.JUnitReportReporter -->
<testsuite hostname="DESKTOP-UU5QV0O" name="com.rightcomply.pages.ExpiringsoonCompareByStatus" tests="3" failures="0" timestamp="17 Oct 2017 20:29:08 GMT" time="43.249" errors="0">
  <testcase name="compareBystatus" time="29.977" classname="com.rightcomply.pages.ExpiringsoonCompareByStatus"/>
  <testcase name="compare" time="0.002" classname="com.rightcomply.pages.ExpiringsoonCompareByStatus"/>
  <testcase name="GetExpiringrecords" time="13.270" classname="com.rightcomply.pages.ExpiringsoonCompareByStatus"/>
</testsuite> <!-- com.rightcomply.pages.ExpiringsoonCompareByStatus -->
